2024-11-25 15:44:59 - PHP Warning: mkdir(): Permission denied
File: /var/www/html/admin/controller/common/security.php
Line: 196

2024-11-25 15:44:59 - PHP Warning: mkdir(): No such file or directory
File: /var/www/html/admin/controller/common/security.php
Line: 210

2024-11-25 15:44:59 - PHP Warning: mkdir(): No such file or directory
File: /var/www/html/admin/controller/common/security.php
Line: 210

2024-11-25 15:44:59 - PHP Warning: copy(/var/www/storage/composer.json): Failed to open stream: No such file or directory
File: /var/www/html/admin/controller/common/security.php
Line: 214

2024-11-25 15:44:59 - PHP Warning: mkdir(): No such file or directory
File: /var/www/html/admin/controller/common/security.php
Line: 210

2024-11-25 15:44:59 - PHP Warning: mkdir(): No such file or directory
File: /var/www/html/admin/controller/common/security.php
Line: 210

2024-11-25 15:44:59 - PHP Warning: mkdir(): No such file or directory
File: /var/www/html/admin/controller/common/security.php
Line: 210

2024-11-25 15:44:59 - PHP Warning: mkdir(): No such file or directory
File: /var/www/html/admin/controller/common/security.php
Line: 210

2024-11-25 15:44:59 - PHP Warning: mkdir(): No such file or directory
File: /var/www/html/admin/controller/common/security.php
Line: 210

2024-11-25 15:44:59 - PHP Warning: mkdir(): No such file or directory
File: /var/www/html/admin/controller/common/security.php
Line: 210

2024-11-25 15:44:59 - PHP Warning: copy(/var/www/storage/backup/index.html): Failed to open stream: No such file or directory
File: /var/www/html/admin/controller/common/security.php
Line: 214

2024-11-25 15:44:59 - PHP Warning: copy(/var/www/storage/cache/cache.language.7fa80dd4fa95bfff83bda8543f986b65.1732552938): Failed to open stream: No such file or directory
File: /var/www/html/admin/controller/common/security.php
Line: 214

2024-11-25 15:44:59 - PHP Warning: copy(/var/www/storage/cache/cache.store.f4e59086bfd5322620dbd8df0fc3e3e6.1732553096): Failed to open stream: No such file or directory
File: /var/www/html/admin/controller/common/security.php
Line: 214

2024-11-25 15:44:59 - PHP Warning: copy(/var/www/storage/cache/index.html): Failed to open stream: No such file or directory
File: /var/www/html/admin/controller/common/security.php
Line: 214

2024-11-25 15:44:59 - PHP Warning: mkdir(): No such file or directory
File: /var/www/html/admin/controller/common/security.php
Line: 210

2024-11-25 15:44:59 - PHP Warning: copy(/var/www/storage/download/index.html): Failed to open stream: No such file or directory
File: /var/www/html/admin/controller/common/security.php
Line: 214

2024-11-25 15:44:59 - PHP Warning: copy(/var/www/storage/logs/index.html): Failed to open stream: No such file or directory
File: /var/www/html/admin/controller/common/security.php
Line: 214

2024-11-25 15:44:59 - PHP Warning: copy(/var/www/storage/marketplace/index.html): Failed to open stream: No such file or directory
File: /var/www/html/admin/controller/common/security.php
Line: 214

2024-11-25 15:44:59 - PHP Warning: copy(/var/www/storage/marketplace/oc_language_example.ocmod.zip): Failed to open stream: No such file or directory
File: /var/www/html/admin/controller/common/security.php
Line: 214

2024-11-25 15:44:59 - PHP Warning: copy(/var/www/storage/marketplace/oc_payment_example.ocmod.zip): Failed to open stream: No such file or directory
File: /var/www/html/admin/controller/common/security.php
Line: 214

2024-11-25 15:44:59 - PHP Warning: copy(/var/www/storage/marketplace/oc_theme_example.ocmod.zip): Failed to open stream: No such file or directory
File: /var/www/html/admin/controller/common/security.php
Line: 214

2024-11-25 15:44:59 - PHP Warning: copy(/var/www/storage/marketplace/opencart.ocmod.zip): Failed to open stream: No such file or directory
File: /var/www/html/admin/controller/common/security.php
Line: 214

2024-11-25 15:44:59 - PHP Warning: copy(/var/www/storage/session/index.html): Failed to open stream: No such file or directory
File: /var/www/html/admin/controller/common/security.php
Line: 214

2024-11-25 15:44:59 - PHP Warning: copy(/var/www/storage/upload/index.html): Failed to open stream: No such file or directory
File: /var/www/html/admin/controller/common/security.php
Line: 214

2024-11-25 15:44:59 - PHP Warning: copy(/var/www/storage/vendor/autoload.php): Failed to open stream: No such file or directory
File: /var/www/html/admin/controller/common/security.php
Line: 214

2024-11-25 15:44:59 - PHP Warning: mkdir(): No such file or directory
File: /var/www/html/admin/controller/common/security.php
Line: 210

2024-11-25 15:44:59 - PHP Warning: mkdir(): No such file or directory
File: /var/www/html/admin/controller/common/security.php
Line: 210

2024-11-25 15:44:59 - PHP Warning: mkdir(): No such file or directory
File: /var/www/html/admin/controller/common/security.php
Line: 210

2024-11-25 15:44:59 - PHP Warning: mkdir(): No such file or directory
File: /var/www/html/admin/controller/common/security.php
Line: 210

2024-11-25 15:44:59 - PHP Warning: mkdir(): No such file or directory
File: /var/www/html/admin/controller/common/security.php
Line: 210

2024-11-25 15:44:59 - PHP Warning: mkdir(): No such file or directory
File: /var/www/html/admin/controller/common/security.php
Line: 210

2024-11-25 15:44:59 - PHP Warning: mkdir(): No such file or directory
File: /var/www/html/admin/controller/common/security.php
Line: 210

2024-11-25 15:44:59 - PHP Warning: mkdir(): No such file or directory
File: /var/www/html/admin/controller/common/security.php
Line: 210

2024-11-25 15:44:59 - PHP Warning: mkdir(): No such file or directory
File: /var/www/html/admin/controller/common/security.php
Line: 210

2024-11-25 15:44:59 - PHP Warning: mkdir(): No such file or directory
File: /var/www/html/admin/controller/common/security.php
Line: 210

2024-11-25 15:44:59 - PHP Warning: mkdir(): No such file or directory
File: /var/www/html/admin/controller/common/security.php
Line: 210

2024-11-25 15:44:59 - PHP Warning: mkdir(): No such file or directory
File: /var/www/html/admin/controller/common/security.php
Line: 210

2024-11-25 15:44:59 - PHP Warning: mkdir(): No such file or directory
File: /var/www/html/admin/controller/common/security.php
Line: 210

2024-11-25 15:44:59 - PHP Warning: mkdir(): No such file or directory
File: /var/www/html/admin/controller/common/security.php
Line: 210

2024-11-25 15:44:59 - PHP Warning: mkdir(): No such file or directory
File: /var/www/html/admin/controller/common/security.php
Line: 210

2024-11-25 15:44:59 - PHP Warning: mkdir(): No such file or directory
File: /var/www/html/admin/controller/common/security.php
Line: 210

2024-11-25 15:44:59 - PHP Warning: mkdir(): No such file or directory
File: /var/www/html/admin/controller/common/security.php
Line: 210

2024-11-25 15:44:59 - PHP Warning: mkdir(): No such file or directory
File: /var/www/html/admin/controller/common/security.php
Line: 210

2024-11-25 15:44:59 - PHP Warning: mkdir(): No such file or directory
File: /var/www/html/admin/controller/common/security.php
Line: 210

2024-11-25 15:44:59 - PHP Warning: mkdir(): No such file or directory
File: /var/www/html/admin/controller/common/security.php
Line: 210

2024-11-25 15:44:59 - PHP Warning: mkdir(): No such file or directory
File: /var/www/html/admin/controller/common/security.php
Line: 210

2024-11-25 15:44:59 - PHP Warning: mkdir(): No such file or directory
File: /var/www/html/admin/controller/common/security.php
Line: 210

2024-11-25 15:44:59 - PHP Warning: mkdir(): No such file or directory
File: /var/www/html/admin/controller/common/security.php
Line: 210

2024-11-25 15:44:59 - PHP Warning: mkdir(): No such file or directory
File: /var/www/html/admin/controller/common/security.php
Line: 210

2024-11-25 15:44:59 - PHP Warning: mkdir(): No such file or directory
File: /var/www/html/admin/controller/common/security.php
Line: 210

2024-11-25 15:44:59 - PHP Warning: mkdir(): No such file or directory
File: /var/www/html/admin/controller/common/security.php
Line: 210

2024-11-25 15:44:59 - PHP Warning: mkdir(): No such file or directory
File: /var/www/html/admin/controller/common/security.php
Line: 210

2024-11-25 15:44:59 - PHP Warning: mkdir(): No such file or directory
File: /var/www/html/admin/controller/common/security.php
Line: 210

2024-11-25 15:44:59 - PHP Warning: mkdir(): No such file or directory
File: /var/www/html/admin/controller/common/security.php
Line: 210

2024-11-25 15:44:59 - PHP Warning: mkdir(): No such file or directory
File: /var/www/html/admin/controller/common/security.php
Line: 210

2024-11-25 15:44:59 - PHP Warning: mkdir(): No such file or directory
File: /var/www/html/admin/controller/common/security.php
Line: 210

2024-11-25 15:44:59 - PHP Warning: copy(/var/www/storage/vendor/bin/jp.php): Failed to open stream: No such file or directory
File: /var/www/html/admin/controller/common/security.php
Line: 214

2024-11-25 15:44:59 - PHP Warning: copy(/var/www/storage/vendor/bin/jp.php.bat): Failed to open stream: No such file or directory
File: /var/www/html/admin/controller/common/security.php
Line: 214

2024-11-25 15:44:59 - PHP Warning: copy(/var/www/storage/vendor/bin/pscss): Failed to open stream: No such file or directory
File: /var/www/html/admin/controller/common/security.php
Line: 214

2024-11-25 15:44:59 - PHP Warning: copy(/var/www/storage/vendor/bin/pscss.bat): Failed to open stream: No such file or directory
File: /var/www/html/admin/controller/common/security.php
Line: 214

2024-11-25 15:44:59 - PHP Warning: copy(/var/www/storage/vendor/composer/ClassLoader.php): Failed to open stream: No such file or directory
File: /var/www/html/admin/controller/common/security.php
Line: 214

2024-11-25 15:44:59 - PHP Warning: copy(/var/www/storage/vendor/composer/InstalledVersions.php): Failed to open stream: No such file or directory
File: /var/www/html/admin/controller/common/security.php
Line: 214

2024-11-25 15:44:59 - PHP Warning: copy(/var/www/storage/vendor/composer/LICENSE): Failed to open stream: No such file or directory
File: /var/www/html/admin/controller/common/security.php
Line: 214

2024-11-25 15:44:59 - PHP Warning: copy(/var/www/storage/vendor/composer/autoload_classmap.php): Failed to open stream: No such file or directory
File: /var/www/html/admin/controller/common/security.php
Line: 214

2024-11-25 15:44:59 - PHP Warning: copy(/var/www/storage/vendor/composer/autoload_files.php): Failed to open stream: No such file or directory
File: /var/www/html/admin/controller/common/security.php
Line: 214

2024-11-25 15:44:59 - PHP Warning: copy(/var/www/storage/vendor/composer/autoload_namespaces.php): Failed to open stream: No such file or directory
File: /var/www/html/admin/controller/common/security.php
Line: 214

2024-11-25 15:44:59 - PHP Warning: copy(/var/www/storage/vendor/composer/autoload_psr4.php): Failed to open stream: No such file or directory
File: /var/www/html/admin/controller/common/security.php
Line: 214

2024-11-25 15:44:59 - PHP Warning: copy(/var/www/storage/vendor/composer/autoload_real.php): Failed to open stream: No such file or directory
File: /var/www/html/admin/controller/common/security.php
Line: 214

2024-11-25 15:44:59 - PHP Warning: copy(/var/www/storage/vendor/composer/autoload_static.php): Failed to open stream: No such file or directory
File: /var/www/html/admin/controller/common/security.php
Line: 214

2024-11-25 15:44:59 - PHP Warning: copy(/var/www/storage/vendor/composer/installed.json): Failed to open stream: No such file or directory
File: /var/www/html/admin/controller/common/security.php
Line: 214

2024-11-25 15:44:59 - PHP Warning: copy(/var/www/storage/vendor/composer/installed.php): Failed to open stream: No such file or directory
File: /var/www/html/admin/controller/common/security.php
Line: 214

2024-11-25 15:44:59 - PHP Warning: copy(/var/www/storage/vendor/composer/platform_check.php): Failed to open stream: No such file or directory
File: /var/www/html/admin/controller/common/security.php
Line: 214

2024-11-25 15:44:59 - PHP Warning: mkdir(): No such file or directory
File: /var/www/html/admin/controller/common/security.php
Line: 210

2024-11-25 15:44:59 - PHP Warning: mkdir(): No such file or directory
File: /var/www/html/admin/controller/common/security.php
Line: 210

2024-11-25 15:44:59 - PHP Warning: mkdir(): No such file or directory
File: /var/www/html/admin/controller/common/security.php
Line: 210

2024-11-25 15:44:59 - PHP Warning: mkdir(): No such file or directory
File: /var/www/html/admin/controller/common/security.php
Line: 210

2024-11-25 15:44:59 - PHP Warning: mkdir(): No such file or directory
File: /var/www/html/admin/controller/common/security.php
Line: 210

2024-11-25 15:44:59 - PHP Warning: mkdir(): No such file or directory
File: /var/www/html/admin/controller/common/security.php
Line: 210

2024-11-25 15:44:59 - PHP Warning: mkdir(): No such file or directory
File: /var/www/html/admin/controller/common/security.php
Line: 210

2024-11-25 15:44:59 - PHP Warning: mkdir(): No such file or directory
File: /var/www/html/admin/controller/common/security.php
Line: 210

2024-11-25 15:44:59 - PHP Warning: mkdir(): No such file or directory
File: /var/www/html/admin/controller/common/security.php
Line: 210

2024-11-25 15:44:59 - PHP Warning: mkdir(): No such file or directory
File: /var/www/html/admin/controller/common/security.php
Line: 210

2024-11-25 15:44:59 - PHP Warning: mkdir(): No such file or directory
File: /var/www/html/admin/controller/common/security.php
Line: 210

2024-11-25 15:44:59 - PHP Warning: mkdir(): No such file or directory
File: /var/www/html/admin/controller/common/security.php
Line: 210

2024-11-25 15:44:59 - PHP Warning: mkdir(): No such file or directory
File: /var/www/html/admin/controller/common/security.php
Line: 210

2024-11-25 15:44:59 - PHP Warning: mkdir(): No such file or directory
File: /var/www/html/admin/controller/common/security.php
Line: 210

2024-11-25 15:44:59 - PHP Warning: copy(/var/www/storage/cache/template/00/0073e5e217538b37bd6c5e689495044c.php): Failed to open stream: No such file or directory
File: /var/www/html/admin/controller/common/security.php
Line: 214

2024-11-25 15:44:59 - PHP Warning: copy(/var/www/storage/cache/template/22/22e8106f58ccb4631ca56e064b4fe1d1.php): Failed to open stream: No such file or directory
File: /var/www/html/admin/controller/common/security.php
Line: 214

2024-11-25 15:44:59 - PHP Warning: copy(/var/www/storage/cache/template/26/26c2c883dbaaecb07d529db936eb9736.php): Failed to open stream: No such file or directory
File: /var/www/html/admin/controller/common/security.php
Line: 214

2024-11-25 15:44:59 - PHP Warning: copy(/var/www/storage/cache/template/3f/3fe0801c88573fab50335003a1999097.php): Failed to open stream: No such file or directory
File: /var/www/html/admin/controller/common/security.php
Line: 214

2024-11-25 15:44:59 - PHP Warning: copy(/var/www/storage/cache/template/40/400d5a66b04b1c0b9c4d0a9c16789187.php): Failed to open stream: No such file or directory
File: /var/www/html/admin/controller/common/security.php
Line: 214

2024-11-25 15:44:59 - PHP Warning: copy(/var/www/storage/cache/template/44/4444ee14ceda3828aa7134847df74432.php): Failed to open stream: No such file or directory
File: /var/www/html/admin/controller/common/security.php
Line: 214

2024-11-25 15:44:59 - PHP Warning: copy(/var/www/storage/cache/template/5f/5fbbb7dd6fd2cd54861bf4be21fe8bb1.php): Failed to open stream: No such file or directory
File: /var/www/html/admin/controller/common/security.php
Line: 214

2024-11-25 15:44:59 - PHP Warning: copy(/var/www/storage/cache/template/5f/5fe965cd93440436c06c31ad578cc1af.php): Failed to open stream: No such file or directory
File: /var/www/html/admin/controller/common/security.php
Line: 214

2024-11-25 15:44:59 - PHP Warning: copy(/var/www/storage/cache/template/65/6562f376ef6b990c8226dc8d624b45d1.php): Failed to open stream: No such file or directory
File: /var/www/html/admin/controller/common/security.php
Line: 214

2024-11-25 15:44:59 - PHP Warning: copy(/var/www/storage/cache/template/72/7248d6cb6575eea8e6b313ad0db59c91.php): Failed to open stream: No such file or directory
File: /var/www/html/admin/controller/common/security.php
Line: 214

2024-11-25 15:44:59 - PHP Warning: copy(/var/www/storage/cache/template/8a/8a618003028f4a39289dabe26b965ae3.php): Failed to open stream: No such file or directory
File: /var/www/html/admin/controller/common/security.php
Line: 214

2024-11-25 15:44:59 - PHP Warning: copy(/var/www/storage/cache/template/90/90d3526b59cc97b9dfb73669a8b56637.php): Failed to open stream: No such file or directory
File: /var/www/html/admin/controller/common/security.php
Line: 214

2024-11-25 15:44:59 - PHP Warning: copy(/var/www/storage/cache/template/9a/9a57760793b7e65aa9c3b9b5895e258b.php): Failed to open stream: No such file or directory
File: /var/www/html/admin/controller/common/security.php
Line: 214

2024-11-25 15:44:59 - PHP Warning: copy(/var/www/storage/cache/template/a7/a78d83d2304c7321a78907ea5fdfdfc7.php): Failed to open stream: No such file or directory
File: /var/www/html/admin/controller/common/security.php
Line: 214

2024-11-25 15:44:59 - PHP Warning: copy(/var/www/storage/cache/template/a7/a7de714f8d58127ccf24e19a2e946818.php): Failed to open stream: No such file or directory
File: /var/www/html/admin/controller/common/security.php
Line: 214

2024-11-25 15:44:59 - PHP Warning: copy(/var/www/storage/cache/template/b6/b6356f2b7400e22de549b74c465b6fa0.php): Failed to open stream: No such file or directory
File: /var/www/html/admin/controller/common/security.php
Line: 214

2024-11-25 15:44:59 - PHP Warning: copy(/var/www/storage/cache/template/c3/c3239fb0affeeee13fa4bac1e5e7eab3.php): Failed to open stream: No such file or directory
File: /var/www/html/admin/controller/common/security.php
Line: 214

2024-11-25 15:44:59 - PHP Warning: copy(/var/www/storage/cache/template/c3/c360382868a7a209ece7a3265afdfc19.php): Failed to open stream: No such file or directory
File: /var/www/html/admin/controller/common/security.php
Line: 214

2024-11-25 15:44:59 - PHP Warning: copy(/var/www/storage/cache/template/c9/c9e19aac73eadbc5729c281c58acf1d5.php): Failed to open stream: No such file or directory
File: /var/www/html/admin/controller/common/security.php
Line: 214

2024-11-25 15:44:59 - PHP Warning: copy(/var/www/storage/cache/template/f5/f51651593af49a152e0942ee79c86d11.php): Failed to open stream: No such file or directory
File: /var/www/html/admin/controller/common/security.php
Line: 214

2024-11-25 15:44:59 - PHP Warning: copy(/var/www/storage/cache/template/f9/f91a0e185ecffc548ae40d85c9a266df.php): Failed to open stream: No such file or directory
File: /var/www/html/admin/controller/common/security.php
Line: 214

2024-11-25 15:44:59 - PHP Warning: copy(/var/www/storage/cache/template/fd/fddcf01dbb64b01c7c6d815d35457168.php): Failed to open stream: No such file or directory
File: /var/www/html/admin/controller/common/security.php
Line: 214

2024-11-25 15:44:59 - PHP Warning: copy(/var/www/storage/vendor/aws/aws-crt-php/CODE_OF_CONDUCT.md): Failed to open stream: No such file or directory
File: /var/www/html/admin/controller/common/security.php
Line: 214

2024-11-25 15:44:59 - PHP Warning: copy(/var/www/storage/vendor/aws/aws-crt-php/CONTRIBUTING.md): Failed to open stream: No such file or directory
File: /var/www/html/admin/controller/common/security.php
Line: 214

2024-11-25 15:44:59 - PHP Warning: copy(/var/www/storage/vendor/aws/aws-crt-php/LICENSE): Failed to open stream: No such file or directory
File: /var/www/html/admin/controller/common/security.php
Line: 214

2024-11-25 15:44:59 - PHP Warning: copy(/var/www/storage/vendor/aws/aws-crt-php/Makefile.frag): Failed to open stream: No such file or directory
File: /var/www/html/admin/controller/common/security.php
Line: 214

2024-11-25 15:44:59 - PHP Warning: copy(/var/www/storage/vendor/aws/aws-crt-php/Makefile.frag.w32): Failed to open stream: No such file or directory
File: /var/www/html/admin/controller/common/security.php
Line: 214

2024-11-25 15:44:59 - PHP Warning: copy(/var/www/storage/vendor/aws/aws-crt-php/NOTICE): Failed to open stream: No such file or directory
File: /var/www/html/admin/controller/common/security.php
Line: 214

2024-11-25 15:44:59 - PHP Warning: copy(/var/www/storage/vendor/aws/aws-crt-php/README.md): Failed to open stream: No such file or directory
File: /var/www/html/admin/controller/common/security.php
Line: 214

2024-11-25 15:44:59 - PHP Warning: copy(/var/www/storage/vendor/aws/aws-crt-php/builder.json): Failed to open stream: No such file or directory
File: /var/www/html/admin/controller/common/security.php
Line: 214

2024-11-25 15:44:59 - PHP Warning: copy(/var/www/storage/vendor/aws/aws-crt-php/composer.json): Failed to open stream: No such file or directory
File: /var/www/html/admin/controller/common/security.php
Line: 214

2024-11-25 15:44:59 - PHP Warning: copy(/var/www/storage/vendor/aws/aws-crt-php/config.m4): Failed to open stream: No such file or directory
File: /var/www/html/admin/controller/common/security.php
Line: 214

2024-11-25 15:44:59 - PHP Warning: copy(/var/www/storage/vendor/aws/aws-crt-php/config.w32): Failed to open stream: No such file or directory
File: /var/www/html/admin/controller/common/security.php
Line: 214

2024-11-25 15:44:59 - PHP Warning: mkdir(): No such file or directory
File: /var/www/html/admin/controller/common/security.php
Line: 210

2024-11-25 15:44:59 - PHP Warning: copy(/var/www/storage/vendor/aws/aws-crt-php/format-check.sh): Failed to open stream: No such file or directory
File: /var/www/html/admin/controller/common/security.php
Line: 214

2024-11-25 15:44:59 - PHP Warning: copy(/var/www/storage/vendor/aws/aws-crt-php/gen_api.php): Failed to open stream: No such file or directory
File: /var/www/html/admin/controller/common/security.php
Line: 214

2024-11-25 15:44:59 - PHP Warning: copy(/var/www/storage/vendor/aws/aws-crt-php/gen_stub.php): Failed to open stream: No such file or directory
File: /var/www/html/admin/controller/common/security.php
Line: 214

2024-11-25 15:44:59 - PHP Warning: copy(/var/www/storage/vendor/aws/aws-crt-php/package.xml-template_post): Failed to open stream: No such file or directory
File: /var/www/html/admin/controller/common/security.php
Line: 214

2024-11-25 15:44:59 - PHP Warning: copy(/var/www/storage/vendor/aws/aws-crt-php/package.xml-template_pre): Failed to open stream: No such file or directory
File: /var/www/html/admin/controller/common/security.php
Line: 214

2024-11-25 15:44:59 - PHP Warning: copy(/var/www/storage/vendor/aws/aws-crt-php/php-win.ini): Failed to open stream: No such file or directory
File: /var/www/html/admin/controller/common/security.php
Line: 214

2024-11-25 15:44:59 - PHP Warning: copy(/var/www/storage/vendor/aws/aws-crt-php/php.ini): Failed to open stream: No such file or directory
File: /var/www/html/admin/controller/common/security.php
Line: 214

2024-11-25 15:44:59 - PHP Warning: copy(/var/www/storage/vendor/aws/aws-crt-php/prepare_package_xml.sh): Failed to open stream: No such file or directory
File: /var/www/html/admin/controller/common/security.php
Line: 214

2024-11-25 15:44:59 - PHP Warning: copy(/var/www/storage/vendor/aws/aws-crt-php/prepare_release.sh): Failed to open stream: No such file or directory
File: /var/www/html/admin/controller/common/security.php
Line: 214

2024-11-25 15:44:59 - PHP Warning: copy(/var/www/storage/vendor/aws/aws-crt-php/run_tests): Failed to open stream: No such file or directory
File: /var/www/html/admin/controller/common/security.php
Line: 214

2024-11-25 15:44:59 - PHP Warning: copy(/var/www/storage/vendor/aws/aws-crt-php/run_tests.bat): Failed to open stream: No such file or directory
File: /var/www/html/admin/controller/common/security.php
Line: 214

2024-11-25 15:44:59 - PHP Warning: mkdir(): No such file or directory
File: /var/www/html/admin/controller/common/security.php
Line: 210

2024-11-25 15:44:59 - PHP Warning: mkdir(): No such file or directory
File: /var/www/html/admin/controller/common/security.php
Line: 210

2024-11-25 15:44:59 - PHP Warning: copy(/var/www/storage/vendor/aws/aws-crt-php/.clang-format): Failed to open stream: No such file or directory
File: /var/www/html/admin/controller/common/security.php
Line: 214

2024-11-25 15:44:59 - PHP Warning: copy(/var/www/storage/vendor/aws/aws-crt-php/.clang-format-ignore): Failed to open stream: No such file or directory
File: /var/www/html/admin/controller/common/security.php
Line: 214

2024-11-25 15:44:59 - PHP Warning: mkdir(): No such file or directory
File: /var/www/html/admin/controller/common/security.php
Line: 210

2024-11-25 15:44:59 - PHP Warning: copy(/var/www/storage/vendor/aws/aws-crt-php/.gitignore): Failed to open stream: No such file or directory
File: /var/www/html/admin/controller/common/security.php
Line: 214

2024-11-25 15:44:59 - PHP Warning: copy(/var/www/storage/vendor/aws/aws-crt-php/.gitmodules): Failed to open stream: No such file or directory
File: /var/www/html/admin/controller/common/security.php
Line: 214

2024-11-25 15:44:59 - PHP Warning: copy(/var/www/storage/vendor/aws/aws-sdk-php/CODE_OF_CONDUCT.md): Failed to open stream: No such file or directory
File: /var/www/html/admin/controller/common/security.php
Line: 214

2024-11-25 15:44:59 - PHP Warning: copy(/var/www/storage/vendor/aws/aws-sdk-php/CRT_INSTRUCTIONS.md): Failed to open stream: No such file or directory
File: /var/www/html/admin/controller/common/security.php
Line: 214

2024-11-25 15:44:59 - PHP Warning: copy(/var/www/storage/vendor/aws/aws-sdk-php/LICENSE): Failed to open stream: No such file or directory
File: /var/www/html/admin/controller/common/security.php
Line: 214

2024-11-25 15:44:59 - PHP Warning: copy(/var/www/storage/vendor/aws/aws-sdk-php/NOTICE): Failed to open stream: No such file or directory
File: /var/www/html/admin/controller/common/security.php
Line: 214

2024-11-25 15:44:59 - PHP Warning: copy(/var/www/storage/vendor/aws/aws-sdk-php/THIRD-PARTY-LICENSES): Failed to open stream: No such file or directory
File: /var/www/html/admin/controller/common/security.php
Line: 214

2024-11-25 15:44:59 - PHP Warning: copy(/var/www/storage/vendor/aws/aws-sdk-php/composer.json): Failed to open stream: No such file or directory
File: /var/www/html/admin/controller/common/security.php
Line: 214

2024-11-25 15:44:59 - PHP Warning: mkdir(): No such file or directory
File: /var/www/html/admin/controller/common/security.php
Line: 210

2024-11-25 15:44:59 - PHP Warning: copy(/var/www/storage/vendor/guzzlehttp/guzzle/CHANGELOG.md): Failed to open stream: No such file or directory
File: /var/www/html/admin/controller/common/security.php
Line: 214

2024-11-25 15:44:59 - PHP Warning: copy(/var/www/storage/vendor/guzzlehttp/guzzle/LICENSE): Failed to open stream: No such file or directory
File: /var/www/html/admin/controller/common/security.php
Line: 214

2024-11-25 15:44:59 - PHP Warning: copy(/var/www/storage/vendor/guzzlehttp/guzzle/README.md): Failed to open stream: No such file or directory
File: /var/www/html/admin/controller/common/security.php
Line: 214

2024-11-25 15:44:59 - PHP Warning: copy(/var/www/storage/vendor/guzzlehttp/guzzle/UPGRADING.md): Failed to open stream: No such file or directory
File: /var/www/html/admin/controller/common/security.php
Line: 214

2024-11-25 15:44:59 - PHP Warning: copy(/var/www/storage/vendor/guzzlehttp/guzzle/composer.json): Failed to open stream: No such file or directory
File: /var/www/html/admin/controller/common/security.php
Line: 214

2024-11-25 15:44:59 - PHP Warning: mkdir(): No such file or directory
File: /var/www/html/admin/controller/common/security.php
Line: 210

2024-11-25 15:44:59 - PHP Warning: copy(/var/www/storage/vendor/guzzlehttp/promises/CHANGELOG.md): Failed to open stream: No such file or directory
File: /var/www/html/admin/controller/common/security.php
Line: 214

2024-11-25 15:44:59 - PHP Warning: copy(/var/www/storage/vendor/guzzlehttp/promises/LICENSE): Failed to open stream: No such file or directory
File: /var/www/html/admin/controller/common/security.php
Line: 214

2024-11-25 15:44:59 - PHP Warning: copy(/var/www/storage/vendor/guzzlehttp/promises/README.md): Failed to open stream: No such file or directory
File: /var/www/html/admin/controller/common/security.php
Line: 214

2024-11-25 15:44:59 - PHP Warning: copy(/var/www/storage/vendor/guzzlehttp/promises/composer.json): Failed to open stream: No such file or directory
File: /var/www/html/admin/controller/common/security.php
Line: 214

2024-11-25 15:44:59 - PHP Warning: mkdir(): No such file or directory
File: /var/www/html/admin/controller/common/security.php
Line: 210

2024-11-25 15:44:59 - PHP Warning: copy(/var/www/storage/vendor/guzzlehttp/psr7/CHANGELOG.md): Failed to open stream: No such file or directory
File: /var/www/html/admin/controller/common/security.php
Line: 214

2024-11-25 15:44:59 - PHP Warning: copy(/var/www/storage/vendor/guzzlehttp/psr7/LICENSE): Failed to open stream: No such file or directory
File: /var/www/html/admin/controller/common/security.php
Line: 214

2024-11-25 15:44:59 - PHP Warning: copy(/var/www/storage/vendor/guzzlehttp/psr7/README.md): Failed to open stream: No such file or directory
File: /var/www/html/admin/controller/common/security.php
Line: 214

2024-11-25 15:44:59 - PHP Warning: copy(/var/www/storage/vendor/guzzlehttp/psr7/composer.json): Failed to open stream: No such file or directory
File: /var/www/html/admin/controller/common/security.php
Line: 214

2024-11-25 15:44:59 - PHP Warning: mkdir(): No such file or directory
File: /var/www/html/admin/controller/common/security.php
Line: 210

2024-11-25 15:44:59 - PHP Warning: copy(/var/www/storage/vendor/mtdowling/jmespath.php/CHANGELOG.md): Failed to open stream: No such file or directory
File: /var/www/html/admin/controller/common/security.php
Line: 214

2024-11-25 15:44:59 - PHP Warning: copy(/var/www/storage/vendor/mtdowling/jmespath.php/LICENSE): Failed to open stream: No such file or directory
File: /var/www/html/admin/controller/common/security.php
Line: 214

2024-11-25 15:44:59 - PHP Warning: copy(/var/www/storage/vendor/mtdowling/jmespath.php/README.rst): Failed to open stream: No such file or directory
File: /var/www/html/admin/controller/common/security.php
Line: 214

2024-11-25 15:44:59 - PHP Warning: mkdir(): No such file or directory
File: /var/www/html/admin/controller/common/security.php
Line: 210

2024-11-25 15:44:59 - PHP Warning: copy(/var/www/storage/vendor/mtdowling/jmespath.php/composer.json): Failed to open stream: No such file or directory
File: /var/www/html/admin/controller/common/security.php
Line: 214

2024-11-25 15:44:59 - PHP Warning: mkdir(): No such file or directory
File: /var/www/html/admin/controller/common/security.php
Line: 210

2024-11-25 15:44:59 - PHP Warning: copy(/var/www/storage/vendor/psr/http-client/CHANGELOG.md): Failed to open stream: No such file or directory
File: /var/www/html/admin/controller/common/security.php
Line: 214

2024-11-25 15:44:59 - PHP Warning: copy(/var/www/storage/vendor/psr/http-client/LICENSE): Failed to open stream: No such file or directory
File: /var/www/html/admin/controller/common/security.php
Line: 214

2024-11-25 15:44:59 - PHP Warning: copy(/var/www/storage/vendor/psr/http-client/README.md): Failed to open stream: No such file or directory
File: /var/www/html/admin/controller/common/security.php
Line: 214

2024-11-25 15:44:59 - PHP Warning: copy(/var/www/storage/vendor/psr/http-client/composer.json): Failed to open stream: No such file or directory
File: /var/www/html/admin/controller/common/security.php
Line: 214

2024-11-25 15:44:59 - PHP Warning: mkdir(): No such file or directory
File: /var/www/html/admin/controller/common/security.php
Line: 210

2024-11-25 15:44:59 - PHP Warning: copy(/var/www/storage/vendor/psr/http-factory/LICENSE): Failed to open stream: No such file or directory
File: /var/www/html/admin/controller/common/security.php
Line: 214

2024-11-25 15:44:59 - PHP Warning: copy(/var/www/storage/vendor/psr/http-factory/README.md): Failed to open stream: No such file or directory
File: /var/www/html/admin/controller/common/security.php
Line: 214

2024-11-25 15:44:59 - PHP Warning: copy(/var/www/storage/vendor/psr/http-factory/composer.json): Failed to open stream: No such file or directory
File: /var/www/html/admin/controller/common/security.php
Line: 214

2024-11-25 15:44:59 - PHP Warning: mkdir(): No such file or directory
File: /var/www/html/admin/controller/common/security.php
Line: 210

2024-11-25 15:44:59 - PHP Warning: copy(/var/www/storage/vendor/psr/http-factory/.gitignore): Failed to open stream: No such file or directory
File: /var/www/html/admin/controller/common/security.php
Line: 214

2024-11-25 15:44:59 - PHP Warning: copy(/var/www/storage/vendor/psr/http-factory/.pullapprove.yml): Failed to open stream: No such file or directory
File: /var/www/html/admin/controller/common/security.php
Line: 214

2024-11-25 15:44:59 - PHP Warning: copy(/var/www/storage/vendor/psr/http-message/CHANGELOG.md): Failed to open stream: No such file or directory
File: /var/www/html/admin/controller/common/security.php
Line: 214

2024-11-25 15:44:59 - PHP Warning: copy(/var/www/storage/vendor/psr/http-message/LICENSE): Failed to open stream: No such file or directory
File: /var/www/html/admin/controller/common/security.php
Line: 214

2024-11-25 15:44:59 - PHP Warning: copy(/var/www/storage/vendor/psr/http-message/README.md): Failed to open stream: No such file or directory
File: /var/www/html/admin/controller/common/security.php
Line: 214

2024-11-25 15:44:59 - PHP Warning: copy(/var/www/storage/vendor/psr/http-message/composer.json): Failed to open stream: No such file or directory
File: /var/www/html/admin/controller/common/security.php
Line: 214

2024-11-25 15:44:59 - PHP Warning: mkdir(): No such file or directory
File: /var/www/html/admin/controller/common/security.php
Line: 210

2024-11-25 15:44:59 - PHP Warning: copy(/var/www/storage/vendor/psr/log/LICENSE): Failed to open stream: No such file or directory
File: /var/www/html/admin/controller/common/security.php
Line: 214

2024-11-25 15:44:59 - PHP Warning: copy(/var/www/storage/vendor/psr/log/README.md): Failed to open stream: No such file or directory
File: /var/www/html/admin/controller/common/security.php
Line: 214

2024-11-25 15:44:59 - PHP Warning: copy(/var/www/storage/vendor/psr/log/composer.json): Failed to open stream: No such file or directory
File: /var/www/html/admin/controller/common/security.php
Line: 214

2024-11-25 15:44:59 - PHP Warning: mkdir(): No such file or directory
File: /var/www/html/admin/controller/common/security.php
Line: 210

2024-11-25 15:44:59 - PHP Warning: copy(/var/www/storage/vendor/ralouphie/getallheaders/LICENSE): Failed to open stream: No such file or directory
File: /var/www/html/admin/controller/common/security.php
Line: 214

2024-11-25 15:44:59 - PHP Warning: copy(/var/www/storage/vendor/ralouphie/getallheaders/README.md): Failed to open stream: No such file or directory
File: /var/www/html/admin/controller/common/security.php
Line: 214

2024-11-25 15:44:59 - PHP Warning: copy(/var/www/storage/vendor/ralouphie/getallheaders/composer.json): Failed to open stream: No such file or directory
File: /var/www/html/admin/controller/common/security.php
Line: 214

2024-11-25 15:44:59 - PHP Warning: mkdir(): No such file or directory
File: /var/www/html/admin/controller/common/security.php
Line: 210

2024-11-25 15:44:59 - PHP Warning: copy(/var/www/storage/vendor/scssphp/scssphp/LICENSE.md): Failed to open stream: No such file or directory
File: /var/www/html/admin/controller/common/security.php
Line: 214

2024-11-25 15:44:59 - PHP Warning: copy(/var/www/storage/vendor/scssphp/scssphp/README.md): Failed to open stream: No such file or directory
File: /var/www/html/admin/controller/common/security.php
Line: 214

2024-11-25 15:44:59 - PHP Warning: mkdir(): No such file or directory
File: /var/www/html/admin/controller/common/security.php
Line: 210

2024-11-25 15:44:59 - PHP Warning: copy(/var/www/storage/vendor/scssphp/scssphp/composer.json): Failed to open stream: No such file or directory
File: /var/www/html/admin/controller/common/security.php
Line: 214

2024-11-25 15:44:59 - PHP Warning: copy(/var/www/storage/vendor/scssphp/scssphp/scss.inc.php): Failed to open stream: No such file or directory
File: /var/www/html/admin/controller/common/security.php
Line: 214

2024-11-25 15:44:59 - PHP Warning: mkdir(): No such file or directory
File: /var/www/html/admin/controller/common/security.php
Line: 210

2024-11-25 15:44:59 - PHP Warning: copy(/var/www/storage/vendor/symfony/deprecation-contracts/CHANGELOG.md): Failed to open stream: No such file or directory
File: /var/www/html/admin/controller/common/security.php
Line: 214

2024-11-25 15:44:59 - PHP Warning: copy(/var/www/storage/vendor/symfony/deprecation-contracts/LICENSE): Failed to open stream: No such file or directory
File: /var/www/html/admin/controller/common/security.php
Line: 214

2024-11-25 15:44:59 - PHP Warning: copy(/var/www/storage/vendor/symfony/deprecation-contracts/README.md): Failed to open stream: No such file or directory
File: /var/www/html/admin/controller/common/security.php
Line: 214

2024-11-25 15:44:59 - PHP Warning: copy(/var/www/storage/vendor/symfony/deprecation-contracts/composer.json): Failed to open stream: No such file or directory
File: /var/www/html/admin/controller/common/security.php
Line: 214

2024-11-25 18:24:52 - PHP Warning:  mysqli::__construct(): php_network_getaddresses: getaddrinfo for dsb failed: Name or service not known in /var/www/html/system/library/db/mysqli.php on line 29
2024-11-25 18:24:52 - Error: Could not make a database link using opencart_user@dsb!<br/>Message: php_network_getaddresses: getaddrinfo for dsb failed: Name or service not known: in /var/www/html/system/library/db/mysqli.php on line 40
2024-11-25 18:24:59 - Error: Could not make a database link using opencart_user@localhost!<br/>Message: No such file or directory: in /var/www/html/system/library/db/mysqli.php on line 40
